<?xml version="1.0" encoding="UTF-8"?>
<testng-results skipped="0" failed="0" total="1" passed="1">
  <reporter-output>
  </reporter-output>
  <suite name="Default suite" duration-ms="15240" started-at="2020-03-06T07:44:16Z" finished-at="2020-03-06T07:44:32Z">
    <groups>
    </groups>
    <test name="Default test" duration-ms="15240" started-at="2020-03-06T07:44:16Z" finished-at="2020-03-06T07:44:32Z">
      <class name="com.jbk.EProc.TestCases.ExcelTestCase">
        <test-method status="PASS" signature="data(java.lang.String, java.lang.String)[pri:0, instance:com.jbk.EProc.TestCases.ExcelTestCase@31ef45e3]" name="data" duration-ms="14256" started-at="2020-03-06T13:14:17Z" data-provider="testData" finished-at="2020-03-06T13:14:32Z">
          <params>
            <param index="0">
              <value>
                <![CDATA[admin]]>
              </value>
            </param>
            <param index="1">
              <value>
                <![CDATA[admin@123]]>
              </value>
            </param>
          </params>
          <reporter-output>
          </reporter-output>
        </test-method> <!-- data -->
      </class> <!-- com.jbk.EProc.TestCases.ExcelTestCase -->
    </test> <!-- Default test -->
  </suite> <!-- Default suite -->
</testng-results>
